<?xml version="1.0" encoding="UTF-8"?>
<testng-results ignored="0" total="1" passed="1" failed="0" skipped="0">
  <reporter-output>
  </reporter-output>
  <suite started-at="2020-04-14T20:24:31 IST" name="Default suite" finished-at="2020-04-14T20:24:46 IST" duration-ms="15190">
    <groups>
    </groups>
    <test started-at="2020-04-14T20:24:31 IST" name="Default test" finished-at="2020-04-14T20:24:46 IST" duration-ms="15190">
      <class name="com.qa.test.POSTAPITest">
        <test-method is-config="true" signature="setUp()[pri:0, instance:com.qa.test.POSTAPITest@503d687a]" started-at="2020-04-14T20:24:31 IST" name="setUp" finished-at="2020-04-14T20:24:31 IST" duration-ms="12" status="PASS">
          <reporter-output>
          </reporter-output>
        </test-method> <!-- setUp -->
        <test-method signature="postAPIMethod()[pri:0, instance:com.qa.test.POSTAPITest@503d687a]" started-at="2020-04-14T20:24:31 IST" name="postAPIMethod" finished-at="2020-04-14T20:24:46 IST" duration-ms="14994" status="PASS">
          <reporter-output>
          </reporter-output>
        </test-method> <!-- postAPIMethod -->
      </class> <!-- com.qa.test.POSTAPITest -->
    </test> <!-- Default test -->
  </suite> <!-- Default suite -->
</testng-results>
